Build started 12/1/2016 11:23:19 AM.
     1>Project "G:\Office\Contest\TankBattle2016\FilesForParticipants\Client\MyTankDll\MyTankDll\MyTankDll.vcxproj" on node 2 (Build target(s)).
     1>ClCompile:
         C:\Program Files (x86)\Microsoft Visual Studio 12.0\VC\bin\x86_amd64\CL.exe /c /IC:\Development\Java\jdk1.8.0_92\include /IC:\Development\Java\jdk1.8.0_92\include\win32 /Zi /nologo /W3 /WX- /O2 /Oi /GL /D NDEBUG /D _WINDOWS /D _USRDLL /D MYTANKDLL_EXPORTS /D _WINDLL /D _UNICODE /D UNICODE /Gm- /EHsc /MD /GS /Gy /fp:precise /Zc:wchar_t /Zc:forScope /Yc"stdafx.h" /Fp"x64\Release\MyTankDll.pch" /Fo"x64\Release\\" /Fd"x64\Release\vc120.pdb" /Gd /TP /errorReport:prompt stdafx.cpp
         stdafx.cpp
         C:\Program Files (x86)\Microsoft Visual Studio 12.0\VC\bin\x86_amd64\CL.exe /c /IC:\Development\Java\jdk1.8.0_92\include /IC:\Development\Java\jdk1.8.0_92\include\win32 /Zi /nologo /W3 /WX- /O2 /Oi /GL /D NDEBUG /D _WINDOWS /D _USRDLL /D MYTANKDLL_EXPORTS /D _WINDLL /D _UNICODE /D UNICODE /Gm- /EHsc /MD /GS /Gy /fp:precise /Zc:wchar_t /Zc:forScope /Fo"x64\Release\\" /Fd"x64\Release\vc120.pdb" /Gd /TP /errorReport:prompt dllmain.cpp
         dllmain.cpp
     1>dllmain.cpp(45): warning C4244: 'initializing' : conversion from 'jint' to 'jbyte', possible loss of data
         C:\Program Files (x86)\Microsoft Visual Studio 12.0\VC\bin\x86_amd64\CL.exe /c /IC:\Development\Java\jdk1.8.0_92\include /IC:\Development\Java\jdk1.8.0_92\include\win32 /Zi /nologo /W3 /WX- /O2 /Oi /GL /D NDEBUG /D _WINDOWS /D _USRDLL /D MYTANKDLL_EXPORTS /D _WINDLL /D _UNICODE /D UNICODE /Gm- /EHsc /MD /GS /Gy /fp:precise /Zc:wchar_t /Zc:forScope /Yu"stdafx.h" /Fp"x64\Release\MyTankDll.pch" /Fo"x64\Release\\" /Fd"x64\Release\vc120.pdb" /Gd /TP /errorReport:prompt MyTankDll.cpp
         MyTankDll.cpp
       Link:
         C:\Program Files (x86)\Microsoft Visual Studio 12.0\VC\bin\x86_amd64\link.exe /ERRORREPORT:PROMPT /OUT:"G:\Office\Contest\TankBattle2016\FilesForParticipants\Client\MyTankDll\x64\Release\MyTankDll.dll" /INCREMENTAL:NO /NOLOGO kernel32.lib user32.lib gdi32.lib winspool.lib comdlg32.lib advapi32.lib shell32.lib ole32.lib oleaut32.lib uuid.lib odbc32.lib odbccp32.lib /MANIFEST /MANIFESTUAC:"level='asInvoker' uiAccess='false'" /manifest:embed /PDB:"G:\Office\Contest\TankBattle2016\FilesForParticipants\Client\MyTankDll\x64\Release\MyTankDll.pdb" /SUBSYSTEM:WINDOWS /OPT:REF /OPT:ICF /LTCG /TLBID:1 /DYNAMICBASE /NXCOMPAT /IMPLIB:"G:\Office\Contest\TankBattle2016\FilesForParticipants\Client\MyTankDll\x64\Release\MyTankDll.lib" /MACHINE:X64 /DLL x64\Release\dllmain.obj
         x64\Release\MyTankDll.obj
         x64\Release\stdafx.obj
            Creating library G:\Office\Contest\TankBattle2016\FilesForParticipants\Client\MyTankDll\x64\Release\MyTankDll.lib and object G:\Office\Contest\TankBattle2016\FilesForParticipants\Client\MyTankDll\x64\Release\MyTankDll.exp
         Generating code
         Finished generating code
         MyTankDll.vcxproj -> G:\Office\Contest\TankBattle2016\FilesForParticipants\Client\MyTankDll\x64\Release\MyTankDll.dll
     1>Done Building Project "G:\Office\Contest\TankBattle2016\FilesForParticipants\Client\MyTankDll\MyTankDll\MyTankDll.vcxproj" (Build target(s)).

Build succeeded.

Time Elapsed 00:00:01.10
